<?xml version="1.0" encoding="UTF-8"?>
<!-- Generated by org.testng.reporters.JUnitReportReporter -->
<testsuite hostname="IMPETUS-NL910" failures="0" tests="1" name="APITests.JSONSchemaValidator" time="2.077" errors="0" timestamp="2023-02-21T01:10:20 IST" skipped="0">
  <testcase classname="APITests.JSONSchemaValidator" name="testGet" time="2.077"/>
  <system-out/>
</testsuite> <!-- APITests.JSONSchemaValidator -->
