<?xml version="1.0" encoding="UTF-8"?>
<!-- Generated by org.testng.reporters.JUnitReportReporter -->
<testsuite hostname="IMPETUS-NL910" failures="0" tests="1" name="APITests.TestsOnLocalAPI" time="3.547" errors="0" timestamp="2023-02-21T01:03:51 IST" skipped="0">
  <testcase classname="APITests.TestsOnLocalAPI" name="delete" time="3.547"/>
  <system-out/>
</testsuite> <!-- APITests.TestsOnLocalAPI -->
