<?xml version="1.0" encoding="UTF-8"?>
<!-- Generated by org.testng.reporters.JUnitReportReporter -->
<testsuite hostname="IMPETUS-NL910" failures="0" tests="2" name="APITests.TestsExamples" time="3.079" errors="0" timestamp="2023-02-21T00:56:46 IST" skipped="0">
  <testcase classname="APITests.TestsExamples" name="test_2" time="0.746"/>
  <system-out/>
  <testcase classname="APITests.TestsExamples" name="test_1" time="2.333"/>
  <system-out/>
</testsuite> <!-- APITests.TestsExamples -->
