<?xml version="1.0" encoding="UTF-8"?>
<!-- Generated by org.testng.reporters.JUnitReportReporter -->
<testsuite hostname="IMPETUS-NL910" failures="0" tests="1" name="APITests.SoapXMLRequest" time="4.245" errors="0" timestamp="2023-02-21T01:22:28 IST" skipped="0">
  <testcase classname="APITests.SoapXMLRequest" name="validateSoapXML" time="4.245"/>
  <system-out/>
</testsuite> <!-- APITests.SoapXMLRequest -->
