<?xml version="1.0" encoding="UTF-8"?>
<!-- Generated by org.testng.reporters.JUnitReportReporter -->
<testsuite hostname="IMPETUS-NL910" failures="0" tests="1" name="APITests.PutPatchDeleteExamples" time="1.845" errors="0" timestamp="2023-02-21T00:59:54 IST" skipped="0">
  <testcase classname="APITests.PutPatchDeleteExamples" name="testDelete" time="1.845"/>
  <system-out/>
</testsuite> <!-- APITests.PutPatchDeleteExamples -->
