<?xml version="1.0" encoding="UTF-8"?>
<!-- Generated by org.testng.reporters.JUnitReportReporter -->
<testsuite hostname="IMPETUS-NL910" failures="0" tests="1" name="APITests.GetAndPostExamples" time="2.054" errors="0" timestamp="2023-02-21T00:56:15 IST" skipped="0">
  <testcase classname="APITests.GetAndPostExamples" name="testPost" time="2.054"/>
  <system-out/>
</testsuite> <!-- APITests.GetAndPostExamples -->
